{"name": "QA Automation Engineer Miami is here", "status": "broken", "statusDetails": {"message": "selenium.common.exceptions.NoSuchElementException: Message: no such element: Unable to locate element: {\"method\":\"xpath\",\"selector\":\"//a[@ns-qa='QA Automation Engineer']\"}\n  (Session info: chrome=79.0.3945.130)\n\n", "trace": "  File \"c:\\users\\rapid\\appdata\\local\\programs\\python\\python38-32\\lib\\site-packages\\behave\\model.py\", line 1329, in run\n    match.run(runner.context)\n  File \"c:\\users\\rapid\\appdata\\local\\programs\\python\\python38-32\\lib\\site-packages\\behave\\matchers.py\", line 98, in run\n    self.func(context, *args, **kwargs)\n  File \"features\\steps\\qa_eng_mia_here.py\", line 13, in click_qa_eng_mia\n    context.app.main_page.click_qa_eng_mia()\n  File \"C:\\Everything\\My_docs\\Self_development\\IT\\Testing\\Automation_08_09_2019\\boats_group_dt_22_feb_2020\\pages\\main_page.py\", line 23, in click_qa_eng_mia\n    self.click(*self.QA_ENG_MIA)\n  File \"C:\\Everything\\My_docs\\Self_development\\IT\\Testing\\Automation_08_09_2019\\boats_group_dt_22_feb_2020\\pages\\base_page.py\", line 16, in click\n    self.driver.find_element(*locator).click()\n  File \"c:\\users\\rapid\\appdata\\local\\programs\\python\\python38-32\\lib\\site-packages\\selenium\\webdriver\\remote\\webdriver.py\", line 976, in find_element\n    return self.execute(Command.FIND_ELEMENT, {\n  File \"c:\\users\\rapid\\appdata\\local\\programs\\python\\python38-32\\lib\\site-packages\\selenium\\webdriver\\remote\\webdriver.py\", line 321, in execute\n    self.error_handler.check_response(response)\n  File \"c:\\users\\rapid\\appdata\\local\\programs\\python\\python38-32\\lib\\site-packages\\selenium\\webdriver\\remote\\errorhandler.py\", line 242, in check_response\n    raise exception_class(message, screen, stacktrace)\n"}, "steps": [{"name": "Given Loginpage", "status": "passed", "start": 1582816321634, "stop": 1582816328376}, {"name": "Then Click on careers button", "status": "passed", "start": 1582816328376, "stop": 1582816330502}, {"name": "Then Click on QA Automation Engineer in Miami button inside the iframe", "status": "broken", "statusDetails": {"message": "selenium.common.exceptions.NoSuchElementException: Message: no such element: Unable to locate element: {\"method\":\"xpath\",\"selector\":\"//a[@ns-qa='QA Automation Engineer']\"}\n  (Session info: chrome=79.0.3945.130)\n\n", "trace": "  File \"c:\\users\\rapid\\appdata\\local\\programs\\python\\python38-32\\lib\\site-packages\\behave\\model.py\", line 1329, in run\n    match.run(runner.context)\n  File \"c:\\users\\rapid\\appdata\\local\\programs\\python\\python38-32\\lib\\site-packages\\behave\\matchers.py\", line 98, in run\n    self.func(context, *args, **kwargs)\n  File \"features\\steps\\qa_eng_mia_here.py\", line 13, in click_qa_eng_mia\n    context.app.main_page.click_qa_eng_mia()\n  File \"C:\\Everything\\My_docs\\Self_development\\IT\\Testing\\Automation_08_09_2019\\boats_group_dt_22_feb_2020\\pages\\main_page.py\", line 23, in click_qa_eng_mia\n    self.click(*self.QA_ENG_MIA)\n  File \"C:\\Everything\\My_docs\\Self_development\\IT\\Testing\\Automation_08_09_2019\\boats_group_dt_22_feb_2020\\pages\\base_page.py\", line 16, in click\n    self.driver.find_element(*locator).click()\n  File \"c:\\users\\rapid\\appdata\\local\\programs\\python\\python38-32\\lib\\site-packages\\selenium\\webdriver\\remote\\webdriver.py\", line 976, in find_element\n    return self.execute(Command.FIND_ELEMENT, {\n  File \"c:\\users\\rapid\\appdata\\local\\programs\\python\\python38-32\\lib\\site-packages\\selenium\\webdriver\\remote\\webdriver.py\", line 321, in execute\n    self.error_handler.check_response(response)\n  File \"c:\\users\\rapid\\appdata\\local\\programs\\python\\python38-32\\lib\\site-packages\\selenium\\webdriver\\remote\\errorhandler.py\", line 242, in check_response\n    raise exception_class(message, screen, stacktrace)\n"}, "start": 1582816330503, "stop": 1582816334613}, {"name": "Then Verify page has a text As QA Automation Engineer you will develop automated test solutions", "status": "skipped", "start": 1582816336858, "stop": 1582816336858}], "start": 1582816312453, "stop": 1582816336858, "uuid": "88989018-a7eb-45ad-a831-bb18d05c6cfa", "historyId": "f71018383c77e34ada108a2e269850d1", "labels": [{"name": "severity", "value": "normal"}, {"name": "feature", "value": "Open mian page, go to careers, click QA Automation Engineer Miami button"}, {"name": "framework", "value": "behave"}, {"name": "language", "value": "cpython3"}]}